Using pre-set license
Built from '2020.3/staging' branch; Version is '2020.3.0f1 (c7b5465681fb) revision 13088070'; Using compiler version '192528614'; Build Type 'Release'
OS: 'Windows 10 Pro; OS build 19041.928; Version 2004; 64bit' Language: 'en' Physical Memory: 16342 MB
BatchMode: 1, IsHumanControllingUs: 0, StartBugReporterOnCrash: 0, Is64bit: 1, IsPro: 0

 COMMAND LINE ARGUMENTS:
C:\Program Files\Unity20203\Editor\Unity.exe
-adb2
-batchMode
-noUpm
-name
AssetImportWorker0
-projectPath
F:/Unity Projects/IsoMesh/IsoMesh
-logFile
Logs/AssetImportWorker0.log
-srvPort
63671
Successfully changed project path to: F:/Unity Projects/IsoMesh/IsoMesh
F:/Unity Projects/IsoMesh/IsoMesh
Using Asset Import Pipeline V2.
Refreshing native plugins compatible for Editor in 64.97 ms, found 0 plugins.
Preloading 0 native plugins for Editor in 0.00 ms.
Initialize engine version: 2020.3.0f1 (c7b5465681fb)
[Subsystems] Discovering subsystems at path C:/Program Files/Unity20203/Editor/Data/Resources/UnitySubsystems
[Subsystems] Discovering subsystems at path F:/Unity Projects/IsoMesh/IsoMesh/Assets
GfxDevice: creating device client; threaded=0
Direct3D:
    Version:  Direct3D 11.0 [level 11.1]
    Renderer: NVIDIA GeForce GTX 1070 (ID=0x1b81)
    Vendor:   
    VRAM:     8088 MB
    Driver:   27.21.14.6089
Initialize mono
Mono path[0] = 'C:/Program Files/Unity20203/Editor/Data/Managed'
Mono path[1] = 'C:/Program Files/Unity20203/Editor/Data/MonoBleedingEdge/lib/mono/unityjit'
Mono config path = 'C:/Program Files/Unity20203/Editor/Data/MonoBleedingEdge/etc'
Using monoOptions --debugger-agent=transport=dt_socket,embedding=1,server=y,suspend=n,address=127.0.0.1:56124
Begin MonoManager ReloadAssembly
Registering precompiled unity dll's ...
Register platform support module: C:/Program Files/Unity20203/Editor/Data/PlaybackEngines/WindowsStandaloneSupport/UnityEditor.WindowsStandalone.Extensions.dll
Registered in 0.094102 seconds.
Native extension for WindowsStandalone target not found
Refreshing native plugins compatible for Editor in 42.24 ms, found 0 plugins.
Preloading 0 native plugins for Editor in 0.00 ms.
Invoked RoslynAnalysisRunner static constructor.
RoslynAnalysisRunner will not be running.
RoslynAnalysisRunner has terminated.
Mono: successfully reloaded assembly
- Completed reload, in  3.502 seconds
Platform modules already initialized, skipping
Registering precompiled user dll's ...
Registered in 0.072950 seconds.
Begin MonoManager ReloadAssembly
Native extension for WindowsStandalone target not found
Refreshing native plugins compatible for Editor in 50.53 ms, found 0 plugins.
Preloading 0 native plugins for Editor in 0.00 ms.
Invoked RoslynAnalysisRunner static constructor.
RoslynAnalysisRunner will not be running.
RoslynAnalysisRunner has terminated.
Mono: successfully reloaded assembly
- Completed reload, in  2.843 seconds
Platform modules already initialized, skipping
========================================================================
Worker process is ready to serve import requests
Shader 'Universal Render Pipeline/Particles/Lit': fallback shader 'Universal Render Pipeline/Particles/SimpleLit' not found
Shader 'Universal Render Pipeline/Particles/Lit': fallback shader 'Universal Render Pipeline/Particles/SimpleLit' not found
Launched and connected shader compiler UnityShaderCompiler.exe after 0.11 seconds
Refreshing native plugins compatible for Editor in 0.39 ms, found 0 plugins.
Preloading 0 native plugins for Editor in 0.00 ms.
Unloading 2441 Unused Serialized files (Serialized files now loaded: 0)
System memory in use before: 113.0 MB.
System memory in use after: 110.8 MB.

Unloading 43 unused Assets to reduce memory usage. Loaded Objects now: 2854.
Total: 4.814000 ms (FindLiveObjects: 0.287600 ms CreateObjectMapping: 0.148700 ms MarkObjects: 2.439100 ms  DeleteObjects: 1.937100 ms)

========================================================================
Received Import Request.
  path: Assets/Source/HLSL/Compute_IsoSurfaceExtraction_Structs.hlsl
  artifactKey: Guid(3394632abaa6e5d439449398e48e6ce1) Importer(815301076,1909f56bfc062723c751e8b465ee728b)
Start importing Assets/Source/HLSL/Compute_IsoSurfaceExtraction_Structs.hlsl using Guid(3394632abaa6e5d439449398e48e6ce1) Importer(815301076,1909f56bfc062723c751e8b465ee728b)  -> (artifact id: '7d0f810c7cf65d572a899ca0a9b5c4bb') in 0.045373 seconds
  Import took 0.049353 seconds .

========================================================================
Received Prepare
Registering precompiled user dll's ...
Registered in 0.002139 seconds.
Begin MonoManager ReloadAssembly
Native extension for WindowsStandalone target not found
Refreshing native plugins compatible for Editor in 1.11 ms, found 0 plugins.
Preloading 0 native plugins for Editor in 0.00 ms.
Invoked RoslynAnalysisRunner static constructor.
RoslynAnalysisRunner will not be running.
RoslynAnalysisRunner has terminated.
Mono: successfully reloaded assembly
- Completed reload, in  1.525 seconds
Platform modules already initialized, skipping
Shader 'Universal Render Pipeline/Particles/Lit': fallback shader 'Universal Render Pipeline/Particles/SimpleLit' not found
Shader 'Universal Render Pipeline/Particles/Lit': fallback shader 'Universal Render Pipeline/Particles/SimpleLit' not found
Refreshing native plugins compatible for Editor in 0.88 ms, found 0 plugins.
Preloading 0 native plugins for Editor in 0.00 ms.
Unloading 2363 Unused Serialized files (Serialized files now loaded: 0)
System memory in use before: 109.6 MB.
System memory in use after: 107.4 MB.

Unloading 38 unused Assets to reduce memory usage. Loaded Objects now: 2857.
Total: 7.427800 ms (FindLiveObjects: 0.554200 ms CreateObjectMapping: 0.539100 ms MarkObjects: 4.307000 ms  DeleteObjects: 2.025200 ms)

========================================================================
Received Import Request.
  Time since last request: 2126.581552 seconds.
  path: Assets/Materials/Raymarching/Material_Raymarcher.mat
  artifactKey: Guid(9fde0ddfa883c3f49b588f1b873a0971) Importer(815301076,1909f56bfc062723c751e8b465ee728b)
Start importing Assets/Materials/Raymarching/Material_Raymarcher.mat using Guid(9fde0ddfa883c3f49b588f1b873a0971) Importer(815301076,1909f56bfc062723c751e8b465ee728b)  -> (artifact id: '186bec9e176fec49cfea75f06bacc92a') in 28.857232 seconds
  Import took 28.897968 seconds .

========================================================================
Received Import Request.
  Time since last request: 0.000244 seconds.
  path: Assets/Materials/Debug/VertexColourDebugger_Material.mat
  artifactKey: Guid(c7d24b38c5c9ee042bc478bbe2ea5047) Importer(815301076,1909f56bfc062723c751e8b465ee728b)
Start importing Assets/Materials/Debug/VertexColourDebugger_Material.mat using Guid(c7d24b38c5c9ee042bc478bbe2ea5047) Importer(815301076,1909f56bfc062723c751e8b465ee728b)  -> (artifact id: '56a4ffebb38f5dbc63fd32b253bae336') in 1.724614 seconds
  Import took 1.749718 seconds .

========================================================================
Received Import Request.
  Time since last request: 0.000250 seconds.
  path: Assets/Materials/Debug/UVDebugger_Material.mat
  artifactKey: Guid(381002efb7bdd0441b3f7070ad145d96) Importer(815301076,1909f56bfc062723c751e8b465ee728b)
Start importing Assets/Materials/Debug/UVDebugger_Material.mat using Guid(381002efb7bdd0441b3f7070ad145d96) Importer(815301076,1909f56bfc062723c751e8b465ee728b)  -> (artifact id: 'b56ac6e01fdc99086db36247997884f0') in 0.059372 seconds
  Import took 0.077552 seconds .

========================================================================
Received Import Request.
  Time since last request: 0.000390 seconds.
  path: Assets/Materials/Debug/NormalDebugger_Material.mat
  artifactKey: Guid(ffd23e6b19dc09444a454cf7deeadb57) Importer(815301076,1909f56bfc062723c751e8b465ee728b)
Start importing Assets/Materials/Debug/NormalDebugger_Material.mat using Guid(ffd23e6b19dc09444a454cf7deeadb57) Importer(815301076,1909f56bfc062723c751e8b465ee728b)  -> (artifact id: '0b0dff12178a184364fc8298d0c92fa8') in 0.124090 seconds
  Import took 0.181689 seconds .

========================================================================
Received Import Request.
  Time since last request: 816.469680 seconds.
  path: Assets/Source/SDFs/Editor/SDFPrimitiveEditor.cs
  artifactKey: Guid(9ff6ca4d26dd01e40aa2b3bcc95eee10) Importer(815301076,1909f56bfc062723c751e8b465ee728b)
Start importing Assets/Source/SDFs/Editor/SDFPrimitiveEditor.cs using Guid(9ff6ca4d26dd01e40aa2b3bcc95eee10) Importer(815301076,1909f56bfc062723c751e8b465ee728b)  -> (artifact id: '7569d39ba12e613ba88ca4237a6993dc') in 0.028799 seconds
  Import took 0.035116 seconds .

========================================================================
Received Import Request.
  Time since last request: 2.270230 seconds.
  path: Assets/Source/SDFs/Editor/SDFPrimitiveEditor1.cs
  artifactKey: Guid(bc1484f9f24d9d24a876dea0d9a7278b) Importer(815301076,1909f56bfc062723c751e8b465ee728b)
Start importing Assets/Source/SDFs/Editor/SDFPrimitiveEditor1.cs using Guid(bc1484f9f24d9d24a876dea0d9a7278b) Importer(815301076,1909f56bfc062723c751e8b465ee728b)  -> (artifact id: '0fffadaddde6a130c7c600c1f970bc85') in 0.045168 seconds
  Import took 0.275503 seconds .

========================================================================
Received Import Request.
  Time since last request: 6.143506 seconds.
  path: Assets/Source/SDFs/Editor/SDFOperationEditor.cs
  artifactKey: Guid(bc1484f9f24d9d24a876dea0d9a7278b) Importer(815301076,1909f56bfc062723c751e8b465ee728b)
Start importing Assets/Source/SDFs/Editor/SDFOperationEditor.cs using Guid(bc1484f9f24d9d24a876dea0d9a7278b) Importer(815301076,1909f56bfc062723c751e8b465ee728b)  -> (artifact id: 'b088b748ecd2ad28afd29c3ccf3705f7') in 0.046980 seconds
  Import took 0.098321 seconds .

========================================================================
Received Prepare
Registering precompiled user dll's ...
Registered in 0.001893 seconds.
Begin MonoManager ReloadAssembly
Native extension for WindowsStandalone target not found
Refreshing native plugins compatible for Editor in 0.77 ms, found 0 plugins.
Preloading 0 native plugins for Editor in 0.00 ms.
Invoked RoslynAnalysisRunner static constructor.
RoslynAnalysisRunner will not be running.
RoslynAnalysisRunner has terminated.
Mono: successfully reloaded assembly
- Completed reload, in  1.741 seconds
Platform modules already initialized, skipping
Shader 'Universal Render Pipeline/Particles/Lit': fallback shader 'Universal Render Pipeline/Particles/SimpleLit' not found
Shader 'Universal Render Pipeline/Particles/Lit': fallback shader 'Universal Render Pipeline/Particles/SimpleLit' not found
Refreshing native plugins compatible for Editor in 2.22 ms, found 0 plugins.
Preloading 0 native plugins for Editor in 0.00 ms.
Unloading 2366 Unused Serialized files (Serialized files now loaded: 0)
System memory in use before: 115.8 MB.
System memory in use after: 113.6 MB.

Unloading 38 unused Assets to reduce memory usage. Loaded Objects now: 2941.
Total: 13.059700 ms (FindLiveObjects: 1.273000 ms CreateObjectMapping: 0.432500 ms MarkObjects: 8.092100 ms  DeleteObjects: 3.258000 ms)

========================================================================
Received Import Request.
  Time since last request: 393.157141 seconds.
  path: Assets/Source/SDFs/Editor/SDFOperationEditor.cs
  artifactKey: Guid(bc1484f9f24d9d24a876dea0d9a7278b) Importer(815301076,1909f56bfc062723c751e8b465ee728b)
Start importing Assets/Source/SDFs/Editor/SDFOperationEditor.cs using Guid(bc1484f9f24d9d24a876dea0d9a7278b) Importer(815301076,1909f56bfc062723c751e8b465ee728b)  -> (artifact id: 'e10d85057da8d4b1575f4df101f490ea') in 0.010193 seconds
  Import took 0.018521 seconds .

========================================================================
Received Prepare
Registering precompiled user dll's ...
Registered in 0.002111 seconds.
Begin MonoManager ReloadAssembly
Native extension for WindowsStandalone target not found
Refreshing native plugins compatible for Editor in 3.24 ms, found 0 plugins.
Preloading 0 native plugins for Editor in 0.00 ms.
Invoked RoslynAnalysisRunner static constructor.
RoslynAnalysisRunner will not be running.
RoslynAnalysisRunner has terminated.
Mono: successfully reloaded assembly
- Completed reload, in  1.821 seconds
Platform modules already initialized, skipping
Shader 'Universal Render Pipeline/Particles/Lit': fallback shader 'Universal Render Pipeline/Particles/SimpleLit' not found
Shader 'Universal Render Pipeline/Particles/Lit': fallback shader 'Universal Render Pipeline/Particles/SimpleLit' not found
Refreshing native plugins compatible for Editor in 2.44 ms, found 0 plugins.
Preloading 0 native plugins for Editor in 0.00 ms.
Unloading 2364 Unused Serialized files (Serialized files now loaded: 0)
System memory in use before: 115.6 MB.
System memory in use after: 113.5 MB.

Unloading 38 unused Assets to reduce memory usage. Loaded Objects now: 2944.
Total: 21.317200 ms (FindLiveObjects: 3.449700 ms CreateObjectMapping: 3.204500 ms MarkObjects: 10.078400 ms  DeleteObjects: 4.581800 ms)

========================================================================
Received Prepare
Registering precompiled user dll's ...
Registered in 0.001476 seconds.
Begin MonoManager ReloadAssembly
Native extension for WindowsStandalone target not found
Refreshing native plugins compatible for Editor in 0.76 ms, found 0 plugins.
Preloading 0 native plugins for Editor in 0.00 ms.
Invoked RoslynAnalysisRunner static constructor.
RoslynAnalysisRunner will not be running.
RoslynAnalysisRunner has terminated.
Mono: successfully reloaded assembly
- Completed reload, in  1.688 seconds
Platform modules already initialized, skipping
Shader 'Universal Render Pipeline/Particles/Lit': fallback shader 'Universal Render Pipeline/Particles/SimpleLit' not found
Shader 'Universal Render Pipeline/Particles/Lit': fallback shader 'Universal Render Pipeline/Particles/SimpleLit' not found
Refreshing native plugins compatible for Editor in 0.90 ms, found 0 plugins.
Preloading 0 native plugins for Editor in 0.00 ms.
Unloading 2364 Unused Serialized files (Serialized files now loaded: 0)
System memory in use before: 115.6 MB.
System memory in use after: 113.5 MB.

Unloading 38 unused Assets to reduce memory usage. Loaded Objects now: 2947.
Total: 20.760300 ms (FindLiveObjects: 1.374500 ms CreateObjectMapping: 1.250300 ms MarkObjects: 8.769200 ms  DeleteObjects: 9.363900 ms)

========================================================================
Received Prepare
Registering precompiled user dll's ...
Registered in 0.002403 seconds.
Begin MonoManager ReloadAssembly
Native extension for WindowsStandalone target not found
Refreshing native plugins compatible for Editor in 0.51 ms, found 0 plugins.
Preloading 0 native plugins for Editor in 0.00 ms.
Invoked RoslynAnalysisRunner static constructor.
RoslynAnalysisRunner will not be running.
RoslynAnalysisRunner has terminated.
Mono: successfully reloaded assembly
- Completed reload, in  1.814 seconds
Platform modules already initialized, skipping
Shader 'Universal Render Pipeline/Particles/Lit': fallback shader 'Universal Render Pipeline/Particles/SimpleLit' not found
Shader 'Universal Render Pipeline/Particles/Lit': fallback shader 'Universal Render Pipeline/Particles/SimpleLit' not found
Refreshing native plugins compatible for Editor in 0.89 ms, found 0 plugins.
Preloading 0 native plugins for Editor in 0.00 ms.
Unloading 2364 Unused Serialized files (Serialized files now loaded: 0)
System memory in use before: 115.6 MB.
System memory in use after: 113.4 MB.

Unloading 38 unused Assets to reduce memory usage. Loaded Objects now: 2950.
Total: 9.031500 ms (FindLiveObjects: 1.252300 ms CreateObjectMapping: 0.305200 ms MarkObjects: 5.305600 ms  DeleteObjects: 2.165300 ms)

========================================================================
Received Prepare
Registering precompiled user dll's ...
Registered in 0.002093 seconds.
Begin MonoManager ReloadAssembly
Native extension for WindowsStandalone target not found
Refreshing native plugins compatible for Editor in 0.92 ms, found 0 plugins.
Preloading 0 native plugins for Editor in 0.00 ms.
Invoked RoslynAnalysisRunner static constructor.
RoslynAnalysisRunner will not be running.
RoslynAnalysisRunner has terminated.
Mono: successfully reloaded assembly
- Completed reload, in  1.642 seconds
Platform modules already initialized, skipping
Shader 'Universal Render Pipeline/Particles/Lit': fallback shader 'Universal Render Pipeline/Particles/SimpleLit' not found
Shader 'Universal Render Pipeline/Particles/Lit': fallback shader 'Universal Render Pipeline/Particles/SimpleLit' not found
Refreshing native plugins compatible for Editor in 2.46 ms, found 0 plugins.
Preloading 0 native plugins for Editor in 0.00 ms.
Unloading 2364 Unused Serialized files (Serialized files now loaded: 0)
System memory in use before: 115.7 MB.
System memory in use after: 113.5 MB.

Unloading 38 unused Assets to reduce memory usage. Loaded Objects now: 2953.
Total: 11.652000 ms (FindLiveObjects: 3.566400 ms CreateObjectMapping: 0.562800 ms MarkObjects: 4.842500 ms  DeleteObjects: 2.678300 ms)

========================================================================
Received Prepare
Registering precompiled user dll's ...
Registered in 0.001591 seconds.
Begin MonoManager ReloadAssembly
Native extension for WindowsStandalone target not found
Refreshing native plugins compatible for Editor in 1.08 ms, found 0 plugins.
Preloading 0 native plugins for Editor in 0.00 ms.
Invoked RoslynAnalysisRunner static constructor.
RoslynAnalysisRunner will not be running.
RoslynAnalysisRunner has terminated.
Mono: successfully reloaded assembly
- Completed reload, in  1.823 seconds
Platform modules already initialized, skipping
Shader 'Universal Render Pipeline/Particles/Lit': fallback shader 'Universal Render Pipeline/Particles/SimpleLit' not found
Shader 'Universal Render Pipeline/Particles/Lit': fallback shader 'Universal Render Pipeline/Particles/SimpleLit' not found
Refreshing native plugins compatible for Editor in 0.74 ms, found 0 plugins.
Preloading 0 native plugins for Editor in 0.00 ms.
Unloading 2364 Unused Serialized files (Serialized files now loaded: 0)
System memory in use before: 115.7 MB.
System memory in use after: 113.5 MB.

Unloading 38 unused Assets to reduce memory usage. Loaded Objects now: 2956.
Total: 6.280300 ms (FindLiveObjects: 0.630300 ms CreateObjectMapping: 0.246700 ms MarkObjects: 3.397400 ms  DeleteObjects: 2.003300 ms)

========================================================================
Received Prepare
Registering precompiled user dll's ...
Registered in 0.002291 seconds.
Begin MonoManager ReloadAssembly
Native extension for WindowsStandalone target not found
Refreshing native plugins compatible for Editor in 1.15 ms, found 0 plugins.
Preloading 0 native plugins for Editor in 0.00 ms.
Invoked RoslynAnalysisRunner static constructor.
RoslynAnalysisRunner will not be running.
RoslynAnalysisRunner has terminated.
Mono: successfully reloaded assembly
- Completed reload, in  1.817 seconds
Platform modules already initialized, skipping
Shader 'Universal Render Pipeline/Particles/Lit': fallback shader 'Universal Render Pipeline/Particles/SimpleLit' not found
Shader 'Universal Render Pipeline/Particles/Lit': fallback shader 'Universal Render Pipeline/Particles/SimpleLit' not found
Refreshing native plugins compatible for Editor in 2.30 ms, found 0 plugins.
Preloading 0 native plugins for Editor in 0.00 ms.
Unloading 2364 Unused Serialized files (Serialized files now loaded: 0)
System memory in use before: 115.7 MB.
System memory in use after: 113.5 MB.

Unloading 38 unused Assets to reduce memory usage. Loaded Objects now: 2959.
Total: 22.364200 ms (FindLiveObjects: 2.810900 ms CreateObjectMapping: 1.020600 ms MarkObjects: 15.180300 ms  DeleteObjects: 3.349100 ms)

========================================================================
Received Prepare
Registering precompiled user dll's ...
Registered in 0.001992 seconds.
Begin MonoManager ReloadAssembly
Native extension for WindowsStandalone target not found
Refreshing native plugins compatible for Editor in 1.14 ms, found 0 plugins.
Preloading 0 native plugins for Editor in 0.00 ms.
Invoked RoslynAnalysisRunner static constructor.
RoslynAnalysisRunner will not be running.
RoslynAnalysisRunner has terminated.
Mono: successfully reloaded assembly
- Completed reload, in  2.183 seconds
Platform modules already initialized, skipping
Shader 'Universal Render Pipeline/Particles/Lit': fallback shader 'Universal Render Pipeline/Particles/SimpleLit' not found
Shader 'Universal Render Pipeline/Particles/Lit': fallback shader 'Universal Render Pipeline/Particles/SimpleLit' not found
Refreshing native plugins compatible for Editor in 1.01 ms, found 0 plugins.
Preloading 0 native plugins for Editor in 0.00 ms.
Unloading 2364 Unused Serialized files (Serialized files now loaded: 0)
System memory in use before: 115.7 MB.
System memory in use after: 113.5 MB.

Unloading 38 unused Assets to reduce memory usage. Loaded Objects now: 2962.
Total: 20.443800 ms (FindLiveObjects: 1.898300 ms CreateObjectMapping: 0.915300 ms MarkObjects: 13.100900 ms  DeleteObjects: 4.525600 ms)

========================================================================
Received Prepare
Registering precompiled user dll's ...
Registered in 0.001690 seconds.
Begin MonoManager ReloadAssembly
Native extension for WindowsStandalone target not found
Refreshing native plugins compatible for Editor in 1.48 ms, found 0 plugins.
Preloading 0 native plugins for Editor in 0.00 ms.
Invoked RoslynAnalysisRunner static constructor.
RoslynAnalysisRunner will not be running.
RoslynAnalysisRunner has terminated.
Mono: successfully reloaded assembly
- Completed reload, in  2.066 seconds
Platform modules already initialized, skipping
Shader 'Universal Render Pipeline/Particles/Lit': fallback shader 'Universal Render Pipeline/Particles/SimpleLit' not found
Shader 'Universal Render Pipeline/Particles/Lit': fallback shader 'Universal Render Pipeline/Particles/SimpleLit' not found
Refreshing native plugins compatible for Editor in 1.05 ms, found 0 plugins.
Preloading 0 native plugins for Editor in 0.00 ms.
Unloading 2364 Unused Serialized files (Serialized files now loaded: 0)
System memory in use before: 115.6 MB.
System memory in use after: 113.4 MB.

Unloading 38 unused Assets to reduce memory usage. Loaded Objects now: 2965.
Total: 15.949100 ms (FindLiveObjects: 1.894900 ms CreateObjectMapping: 0.893000 ms MarkObjects: 9.182900 ms  DeleteObjects: 3.976400 ms)

========================================================================
Received Prepare
Registering precompiled user dll's ...
Registered in 0.002861 seconds.
Begin MonoManager ReloadAssembly
Native extension for WindowsStandalone target not found
Refreshing native plugins compatible for Editor in 1.00 ms, found 0 plugins.
Preloading 0 native plugins for Editor in 0.00 ms.
Invoked RoslynAnalysisRunner static constructor.
RoslynAnalysisRunner will not be running.
RoslynAnalysisRunner has terminated.
Mono: successfully reloaded assembly
- Completed reload, in  1.610 seconds
Platform modules already initialized, skipping
Shader 'Universal Render Pipeline/Particles/Lit': fallback shader 'Universal Render Pipeline/Particles/SimpleLit' not found
Shader 'Universal Render Pipeline/Particles/Lit': fallback shader 'Universal Render Pipeline/Particles/SimpleLit' not found
Refreshing native plugins compatible for Editor in 1.81 ms, found 0 plugins.
Preloading 0 native plugins for Editor in 0.00 ms.
Unloading 2364 Unused Serialized files (Serialized files now loaded: 0)
System memory in use before: 115.7 MB.
System memory in use after: 113.5 MB.

Unloading 38 unused Assets to reduce memory usage. Loaded Objects now: 2968.
Total: 9.919800 ms (FindLiveObjects: 0.850300 ms CreateObjectMapping: 0.887200 ms MarkObjects: 5.123100 ms  DeleteObjects: 3.057800 ms)

========================================================================
Received Prepare
Registering precompiled user dll's ...
Registered in 0.002165 seconds.
Begin MonoManager ReloadAssembly
Native extension for WindowsStandalone target not found
Refreshing native plugins compatible for Editor in 1.19 ms, found 0 plugins.
Preloading 0 native plugins for Editor in 0.00 ms.
Invoked RoslynAnalysisRunner static constructor.
RoslynAnalysisRunner will not be running.
RoslynAnalysisRunner has terminated.
Mono: successfully reloaded assembly
- Completed reload, in  1.677 seconds
Platform modules already initialized, skipping
Shader 'Universal Render Pipeline/Particles/Lit': fallback shader 'Universal Render Pipeline/Particles/SimpleLit' not found
Shader 'Universal Render Pipeline/Particles/Lit': fallback shader 'Universal Render Pipeline/Particles/SimpleLit' not found
Refreshing native plugins compatible for Editor in 0.91 ms, found 0 plugins.
Preloading 0 native plugins for Editor in 0.00 ms.
Unloading 2364 Unused Serialized files (Serialized files now loaded: 0)
System memory in use before: 115.7 MB.
System memory in use after: 113.5 MB.

Unloading 38 unused Assets to reduce memory usage. Loaded Objects now: 2971.
Total: 19.375500 ms (FindLiveObjects: 4.391500 ms CreateObjectMapping: 3.261100 ms MarkObjects: 5.598200 ms  DeleteObjects: 6.122300 ms)

========================================================================
Received Prepare
Registering precompiled user dll's ...
Registered in 0.002054 seconds.
Begin MonoManager ReloadAssembly
Native extension for WindowsStandalone target not found
Refreshing native plugins compatible for Editor in 0.52 ms, found 0 plugins.
Preloading 0 native plugins for Editor in 0.00 ms.
Invoked RoslynAnalysisRunner static constructor.
RoslynAnalysisRunner will not be running.
RoslynAnalysisRunner has terminated.
Mono: successfully reloaded assembly
- Completed reload, in  1.649 seconds
Platform modules already initialized, skipping
Shader 'Universal Render Pipeline/Particles/Lit': fallback shader 'Universal Render Pipeline/Particles/SimpleLit' not found
Shader 'Universal Render Pipeline/Particles/Lit': fallback shader 'Universal Render Pipeline/Particles/SimpleLit' not found
Refreshing native plugins compatible for Editor in 2.31 ms, found 0 plugins.
Preloading 0 native plugins for Editor in 0.00 ms.
Unloading 2364 Unused Serialized files (Serialized files now loaded: 0)
System memory in use before: 115.7 MB.
System memory in use after: 113.5 MB.

Unloading 38 unused Assets to reduce memory usage. Loaded Objects now: 2974.
Total: 10.815200 ms (FindLiveObjects: 1.108100 ms CreateObjectMapping: 0.915600 ms MarkObjects: 6.749100 ms  DeleteObjects: 2.040500 ms)

========================================================================
Received Prepare
Registering precompiled user dll's ...
Registered in 0.001901 seconds.
Begin MonoManager ReloadAssembly
Native extension for WindowsStandalone target not found
Refreshing native plugins compatible for Editor in 0.90 ms, found 0 plugins.
Preloading 0 native plugins for Editor in 0.00 ms.
Invoked RoslynAnalysisRunner static constructor.
RoslynAnalysisRunner will not be running.
RoslynAnalysisRunner has terminated.
Mono: successfully reloaded assembly
- Completed reload, in  2.506 seconds
Platform modules already initialized, skipping
Shader 'Universal Render Pipeline/Particles/Lit': fallback shader 'Universal Render Pipeline/Particles/SimpleLit' not found
Shader 'Universal Render Pipeline/Particles/Lit': fallback shader 'Universal Render Pipeline/Particles/SimpleLit' not found
Refreshing native plugins compatible for Editor in 3.30 ms, found 0 plugins.
Preloading 0 native plugins for Editor in 0.00 ms.
Unloading 2364 Unused Serialized files (Serialized files now loaded: 0)
System memory in use before: 115.7 MB.
System memory in use after: 113.5 MB.

Unloading 38 unused Assets to reduce memory usage. Loaded Objects now: 2977.
Total: 13.196300 ms (FindLiveObjects: 1.031400 ms CreateObjectMapping: 0.357700 ms MarkObjects: 7.223200 ms  DeleteObjects: 4.580700 ms)

========================================================================
Received Prepare
Registering precompiled user dll's ...
Registered in 0.001999 seconds.
Begin MonoManager ReloadAssembly
Native extension for WindowsStandalone target not found
Refreshing native plugins compatible for Editor in 1.67 ms, found 0 plugins.
Preloading 0 native plugins for Editor in 0.00 ms.
Invoked RoslynAnalysisRunner static constructor.
RoslynAnalysisRunner will not be running.
RoslynAnalysisRunner has terminated.
Mono: successfully reloaded assembly
- Completed reload, in  1.670 seconds
Platform modules already initialized, skipping
Shader 'Universal Render Pipeline/Particles/Lit': fallback shader 'Universal Render Pipeline/Particles/SimpleLit' not found
Shader 'Universal Render Pipeline/Particles/Lit': fallback shader 'Universal Render Pipeline/Particles/SimpleLit' not found
Refreshing native plugins compatible for Editor in 1.57 ms, found 0 plugins.
Preloading 0 native plugins for Editor in 0.00 ms.
Unloading 2364 Unused Serialized files (Serialized files now loaded: 0)
System memory in use before: 115.6 MB.
System memory in use after: 113.4 MB.

Unloading 38 unused Assets to reduce memory usage. Loaded Objects now: 2980.
Total: 7.656200 ms (FindLiveObjects: 1.082900 ms CreateObjectMapping: 0.300900 ms MarkObjects: 3.552800 ms  DeleteObjects: 2.717300 ms)

========================================================================
Received Prepare
Registering precompiled user dll's ...
Registered in 0.001301 seconds.
Begin MonoManager ReloadAssembly
Native extension for WindowsStandalone target not found
Refreshing native plugins compatible for Editor in 1.40 ms, found 0 plugins.
Preloading 0 native plugins for Editor in 0.00 ms.
Invoked RoslynAnalysisRunner static constructor.
RoslynAnalysisRunner will not be running.
RoslynAnalysisRunner has terminated.
Mono: successfully reloaded assembly
- Completed reload, in  1.939 seconds
Platform modules already initialized, skipping
Shader 'Universal Render Pipeline/Particles/Lit': fallback shader 'Universal Render Pipeline/Particles/SimpleLit' not found
Shader 'Universal Render Pipeline/Particles/Lit': fallback shader 'Universal Render Pipeline/Particles/SimpleLit' not found
Refreshing native plugins compatible for Editor in 1.01 ms, found 0 plugins.
Preloading 0 native plugins for Editor in 0.00 ms.
Unloading 2364 Unused Serialized files (Serialized files now loaded: 0)
System memory in use before: 115.7 MB.
System memory in use after: 113.5 MB.

Unloading 38 unused Assets to reduce memory usage. Loaded Objects now: 2983.
Total: 8.292000 ms (FindLiveObjects: 0.541500 ms CreateObjectMapping: 0.306300 ms MarkObjects: 4.830900 ms  DeleteObjects: 2.611100 ms)

========================================================================
Received Import Request.
  Time since last request: 3491.658671 seconds.
  path: Assets/Source/SDFs/Editor/SDFGroupEditor.cs
  artifactKey: Guid(2e4f9698d7fd9c249b6d7cc2a22a4d51) Importer(815301076,1909f56bfc062723c751e8b465ee728b)
Start importing Assets/Source/SDFs/Editor/SDFGroupEditor.cs using Guid(2e4f9698d7fd9c249b6d7cc2a22a4d51) Importer(815301076,1909f56bfc062723c751e8b465ee728b)  -> (artifact id: '9a4bb89401ea3bfb9e2a1365d8d1bf09') in 0.018870 seconds
  Import took 0.026165 seconds .

========================================================================
Received Import Request.
  Time since last request: 0.019725 seconds.
  path: Assets/Source/SDFs/Editor/SDFGroupEditor.cs
  artifactKey: Guid(2e4f9698d7fd9c249b6d7cc2a22a4d51) Importer(815301076,1909f56bfc062723c751e8b465ee728b)
Start importing Assets/Source/SDFs/Editor/SDFGroupEditor.cs using Guid(2e4f9698d7fd9c249b6d7cc2a22a4d51) Importer(815301076,1909f56bfc062723c751e8b465ee728b)  -> (artifact id: '9a4bb89401ea3bfb9e2a1365d8d1bf09') in 0.008523 seconds
  Import took 0.024318 seconds .

========================================================================
Received Prepare
Registering precompiled user dll's ...
Registered in 0.001414 seconds.
Begin MonoManager ReloadAssembly
Native extension for WindowsStandalone target not found
Refreshing native plugins compatible for Editor in 0.69 ms, found 0 plugins.
Preloading 0 native plugins for Editor in 0.00 ms.
Invoked RoslynAnalysisRunner static constructor.
RoslynAnalysisRunner will not be running.
RoslynAnalysisRunner has terminated.
Mono: successfully reloaded assembly
- Completed reload, in  1.980 seconds
Platform modules already initialized, skipping
Shader 'Universal Render Pipeline/Particles/Lit': fallback shader 'Universal Render Pipeline/Particles/SimpleLit' not found
Shader 'Universal Render Pipeline/Particles/Lit': fallback shader 'Universal Render Pipeline/Particles/SimpleLit' not found
Refreshing native plugins compatible for Editor in 0.86 ms, found 0 plugins.
Preloading 0 native plugins for Editor in 0.00 ms.
Unloading 2364 Unused Serialized files (Serialized files now loaded: 0)
System memory in use before: 115.7 MB.
System memory in use after: 113.6 MB.

Unloading 38 unused Assets to reduce memory usage. Loaded Objects now: 2986.
Total: 8.245800 ms (FindLiveObjects: 2.063400 ms CreateObjectMapping: 0.509200 ms MarkObjects: 3.482200 ms  DeleteObjects: 2.189000 ms)

========================================================================
Received Import Request.
  Time since last request: 127.747992 seconds.
  path: Assets/Source/SDFs/Editor/SDFGroupEditor.cs
  artifactKey: Guid(2e4f9698d7fd9c249b6d7cc2a22a4d51) Importer(815301076,1909f56bfc062723c751e8b465ee728b)
Start importing Assets/Source/SDFs/Editor/SDFGroupEditor.cs using Guid(2e4f9698d7fd9c249b6d7cc2a22a4d51) Importer(815301076,1909f56bfc062723c751e8b465ee728b)  -> (artifact id: '75a5f53aeded94ac0c1eb0353e513fc1') in 0.012457 seconds
  Import took 0.022867 seconds .

========================================================================
Received Prepare
Registering precompiled user dll's ...
Registered in 0.002728 seconds.
Begin MonoManager ReloadAssembly
Native extension for WindowsStandalone target not found
Refreshing native plugins compatible for Editor in 1.90 ms, found 0 plugins.
Preloading 0 native plugins for Editor in 0.00 ms.
Invoked RoslynAnalysisRunner static constructor.
RoslynAnalysisRunner will not be running.
RoslynAnalysisRunner has terminated.
Mono: successfully reloaded assembly
- Completed reload, in  1.848 seconds
Platform modules already initialized, skipping
Shader 'Universal Render Pipeline/Particles/Lit': fallback shader 'Universal Render Pipeline/Particles/SimpleLit' not found
Shader 'Universal Render Pipeline/Particles/Lit': fallback shader 'Universal Render Pipeline/Particles/SimpleLit' not found
Refreshing native plugins compatible for Editor in 0.86 ms, found 0 plugins.
Preloading 0 native plugins for Editor in 0.00 ms.
Unloading 2364 Unused Serialized files (Serialized files now loaded: 0)
System memory in use before: 115.8 MB.
System memory in use after: 113.6 MB.

Unloading 38 unused Assets to reduce memory usage. Loaded Objects now: 2989.
Total: 12.797800 ms (FindLiveObjects: 0.598300 ms CreateObjectMapping: 0.298900 ms MarkObjects: 7.606300 ms  DeleteObjects: 4.291500 ms)

AssetImportWorkerClient::OnTransportError - code=2 error=End of file
